# JRE version: 7.0_09-b05
# Java VM: Java HotSpot(TM) Client VM (23.5-b02 mixed mode, sharing windows-x86 )
Heap
 def new generation   total 27840K, used 19436K [0x23be0000, 0x25a10000, 0x29130000)
  eden space 24768K,  75% used [0x23be0000, 0x24e354a0, 0x25410000)
  from space 3072K,  21% used [0x25410000, 0x254b5b70, 0x25710000)
  to   space 3072K,   0% used [0x25710000, 0x25710000, 0x25a10000)
 tenured generation   total 61684K, used 44518K [0x29130000, 0x2cd6d000, 0x33be0000)
   the space 61684K,  72% used [0x29130000, 0x2bca9898, 0x2bca9a00, 0x2cd6d000)
 compacting perm gen  total 12288K, used 8802K [0x33be0000, 0x347e0000, 0x37be0000)
   the space 12288K,  71% used [0x33be0000, 0x34478b60, 0x34478c00, 0x347e0000)
    ro space 10240K,  42% used [0x37be0000, 0x38020348, 0x38020400, 0x385e0000)
    rw space 12288K,  54% used [0x385e0000, 0x38c606f0, 0x38c60800, 0x391e0000)
GC Heap History (10 events):
Event: 35.002 GC heap before
{Heap before GC invocations=140 (full 8):
 def new generation   total 27200K, used 24193K [0x23be0000, 0x25960000, 0x29130000)
  eden space 24192K, 100% used [0x23be0000, 0x25380000, 0x25380000)
  from space 3008K,   0% used [0x25380000, 0x25380510, 0x25670000)
  to   space 3008K,   0% used [0x25670000, 0x25670000, 0x25960000)
 tenured generation   total 60304K, used 54941K [0x29130000, 0x2cc14000, 0x33be0000)
   the space 60304K,  91% used [0x29130000, 0x2c6d74c0, 0x2c6d7600, 0x2cc14000)
 compacting perm gen  total 12288K, used 8800K [0x33be0000, 0x347e0000, 0x37be0000)
   the space 12288K,  71% used [0x33be0000, 0x34478078, 0x34478200, 0x347e0000)
    ro space 10240K,  42% used [0x37be0000, 0x38020348, 0x38020400, 0x385e0000)
    rw space 12288K,  54% used [0x385e0000, 0x38c606f0, 0x38c60800, 0x391e0000)
Event: 35.096 GC heap after
Heap after GC invocations=141 (full 9):
 def new generation   total 27840K, used 0K [0x23be0000, 0x25a10000, 0x29130000)
  eden space 24768K,   0% used [0x23be0000, 0x23be0000, 0x25410000)
  from space 3072K,   0% used [0x25410000, 0x25410000, 0x25710000)
  to   space 3072K,   0% used [0x25710000, 0x25710000, 0x25a10000)
 tenured generation   total 61684K, used 37008K [0x29130000, 0x2cd6d000, 0x33be0000)
   the space 61684K,  59% used [0x29130000, 0x2b5542d0, 0x2b554400, 0x2cd6d000)
 compacting perm gen  total 12288K, used 8800K [0x33be0000, 0x347e0000, 0x37be0000)
   the space 12288K,  71% used [0x33be0000, 0x34478078, 0x34478200, 0x347e0000)
    ro space 10240K,  42% used [0x37be0000, 0x38020348, 0x38020400, 0x385e0000)
    rw space 12288K,  54% used [0x385e0000, 0x38c606f0, 0x38c60800, 0x391e0000)
}
Event: 35.221 GC heap before
{Heap before GC invocations=141 (full 9):
 def new generation   total 27840K, used 24768K [0x23be0000, 0x25a10000, 0x29130000)
  eden space 24768K, 100% used [0x23be0000, 0x25410000, 0x25410000)
  from space 3072K,   0% used [0x25410000, 0x25410000, 0x25710000)
  to   space 3072K,   0% used [0x25710000, 0x25710000, 0x25a10000)
 tenured generation   total 61684K, used 37008K [0x29130000, 0x2cd6d000, 0x33be0000)
   the space 61684K,  59% used [0x29130000, 0x2b5542d0, 0x2b554400, 0x2cd6d000)
 compacting perm gen  total 12288K, used 8800K [0x33be0000, 0x347e0000, 0x37be0000)
   the space 12288K,  71% used [0x33be0000, 0x34478078, 0x34478200, 0x347e0000)
    ro space 10240K,  42% used [0x37be0000, 0x38020348, 0x38020400, 0x385e0000)
    rw space 12288K,  54% used [0x385e0000, 0x38c606f0, 0x38c60800, 0x391e0000)
Event: 35.227 GC heap after
Heap after GC invocations=142 (full 9):
 def new generation   total 27840K, used 3070K [0x23be0000, 0x25a10000, 0x29130000)
  eden space 24768K,   0% used [0x23be0000, 0x23be0000, 0x25410000)
  from space 3072K,  99% used [0x25710000, 0x25a0f908, 0x25a10000)
  to   space 3072K,   0% used [0x25410000, 0x25410000, 0x25710000)
 tenured generation   total 61684K, used 41126K [0x29130000, 0x2cd6d000, 0x33be0000)
   the space 61684K,  66% used [0x29130000, 0x2b9599f0, 0x2b959a00, 0x2cd6d000)
 compacting perm gen  total 12288K, used 8800K [0x33be0000, 0x347e0000, 0x37be0000)
   the space 12288K,  71% used [0x33be0000, 0x34478078, 0x34478200, 0x347e0000)
    ro space 10240K,  42% used [0x37be0000, 0x38020348, 0x38020400, 0x385e0000)
    rw space 12288K,  54% used [0x385e0000, 0x38c606f0, 0x38c60800, 0x391e0000)
}
Event: 35.391 GC heap before
{Heap before GC invocations=142 (full 9):
 def new generation   total 27840K, used 27838K [0x23be0000, 0x25a10000, 0x29130000)
  eden space 24768K, 100% used [0x23be0000, 0x25410000, 0x25410000)
  from space 3072K,  99% used [0x25710000, 0x25a0f908, 0x25a10000)
  to   space 3072K,   0% used [0x25410000, 0x25410000, 0x25710000)
 tenured generation   total 61684K, used 41126K [0x29130000, 0x2cd6d000, 0x33be0000)
   the space 61684K,  66% used [0x29130000, 0x2b9599f0, 0x2b959a00, 0x2cd6d000)
 compacting perm gen  total 12288K, used 8800K [0x33be0000, 0x347e0000, 0x37be0000)
   the space 12288K,  71% used [0x33be0000, 0x34478078, 0x34478200, 0x347e0000)
    ro space 10240K,  42% used [0x37be0000, 0x38020348, 0x38020400, 0x385e0000)
    rw space 12288K,  54% used [0x385e0000, 0x38c606f0, 0x38c60800, 0x391e0000)
Event: 35.394 GC heap after
Heap after GC invocations=143 (full 9):
 def new generation   total 27840K, used 0K [0x23be0000, 0x25a10000, 0x29130000)
  eden space 24768K,   0% used [0x23be0000, 0x23be0000, 0x25410000)
  from space 3072K,   0% used [0x25410000, 0x25410030, 0x25710000)
  to   space 3072K,   0% used [0x25710000, 0x25710000, 0x25a10000)
 tenured generation   total 61684K, used 44196K [0x29130000, 0x2cd6d000, 0x33be0000)
   the space 61684K,  71% used [0x29130000, 0x2bc59280, 0x2bc59400, 0x2cd6d000)
 compacting perm gen  total 12288K, used 8800K [0x33be0000, 0x347e0000, 0x37be0000)
   the space 12288K,  71% used [0x33be0000, 0x34478078, 0x34478200, 0x347e0000)
    ro space 10240K,  42% used [0x37be0000, 0x38020348, 0x38020400, 0x385e0000)
    rw space 12288K,  54% used [0x385e0000, 0x38c606f0, 0x38c60800, 0x391e0000)
}
Event: 35.506 GC heap before
{Heap before GC invocations=143 (full 9):
 def new generation   total 27840K, used 24768K [0x23be0000, 0x25a10000, 0x29130000)
  eden space 24768K, 100% used [0x23be0000, 0x25410000, 0x25410000)
  from space 3072K,   0% used [0x25410000, 0x25410030, 0x25710000)
  to   space 3072K,   0% used [0x25710000, 0x25710000, 0x25a10000)
 tenured generation   total 61684K, used 44196K [0x29130000, 0x2cd6d000, 0x33be0000)
   the space 61684K,  71% used [0x29130000, 0x2bc59280, 0x2bc59400, 0x2cd6d000)
 compacting perm gen  total 12288K, used 8800K [0x33be0000, 0x347e0000, 0x37be0000)
   the space 12288K,  71% used [0x33be0000, 0x34478078, 0x34478200, 0x347e0000)
    ro space 10240K,  42% used [0x37be0000, 0x38020348, 0x38020400, 0x385e0000)
    rw space 12288K,  54% used [0x385e0000, 0x38c606f0, 0x38c60800, 0x391e0000)
Event: 35.508 GC heap after
Heap after GC invocations=144 (full 9):
 def new generation   total 27840K, used 3054K [0x23be0000, 0x25a10000, 0x29130000)
  eden space 24768K,   0% used [0x23be0000, 0x23be0000, 0x25410000)
  from space 3072K,  99% used [0x25710000, 0x25a0bb28, 0x25a10000)
  to   space 3072K,   0% used [0x25410000, 0x25410000, 0x25710000)
 tenured generation   total 61684K, used 44196K [0x29130000, 0x2cd6d000, 0x33be0000)
   the space 61684K,  71% used [0x29130000, 0x2bc59280, 0x2bc59400, 0x2cd6d000)
 compacting perm gen  total 12288K, used 8800K [0x33be0000, 0x347e0000, 0x37be0000)
   the space 12288K,  71% used [0x33be0000, 0x34478078, 0x34478200, 0x347e0000)
    ro space 10240K,  42% used [0x37be0000, 0x38020348, 0x38020400, 0x385e0000)
    rw space 12288K,  54% used [0x385e0000, 0x38c606f0, 0x38c60800, 0x391e0000)
}
Event: 35.792 GC heap before
{Heap before GC invocations=144 (full 9):
 def new generation   total 27840K, used 27822K [0x23be0000, 0x25a10000, 0x29130000)
  eden space 24768K, 100% used [0x23be0000, 0x25410000, 0x25410000)
  from space 3072K,  99% used [0x25710000, 0x25a0bb28, 0x25a10000)
  to   space 3072K,   0% used [0x25410000, 0x25410000, 0x25710000)
 tenured generation   total 61684K, used 44196K [0x29130000, 0x2cd6d000, 0x33be0000)
   the space 61684K,  71% used [0x29130000, 0x2bc59280, 0x2bc59400, 0x2cd6d000)
 compacting perm gen  total 12288K, used 8800K [0x33be0000, 0x347e0000, 0x37be0000)
   the space 12288K,  71% used [0x33be0000, 0x34478078, 0x34478200, 0x347e0000)
    ro space 10240K,  42% used [0x37be0000, 0x38020348, 0x38020400, 0x385e0000)
    rw space 12288K,  54% used [0x385e0000, 0x38c606f0, 0x38c60800, 0x391e0000)
Event: 35.794 GC heap after
Heap after GC invocations=145 (full 9):
 def new generation   total 27840K, used 662K [0x23be0000, 0x25a10000, 0x29130000)
  eden space 24768K,   0% used [0x23be0000, 0x23be0000, 0x25410000)
  from space 3072K,  21% used [0x25410000, 0x254b5b70, 0x25710000)
  to   space 3072K,   0% used [0x25710000, 0x25710000, 0x25a10000)
 tenured generation   total 61684K, used 44518K [0x29130000, 0x2cd6d000, 0x33be0000)
   the space 61684K,  72% used [0x29130000, 0x2bca9898, 0x2bca9a00, 0x2cd6d000)
 compacting perm gen  total 12288K, used 8800K [0x33be0000, 0x347e0000, 0x37be0000)
   the space 12288K,  71% used [0x33be0000, 0x34478078, 0x34478200, 0x347e0000)
    ro space 10240K,  42% used [0x37be0000, 0x38020348, 0x38020400, 0x385e0000)
    rw space 12288K,  54% used [0x385e0000, 0x38c606f0, 0x38c60800, 0x391e0000)
}

